<?xml version="1.0" encoding="UTF-8"?>
<testng-results skipped="0" failed="1" ignored="0" total="2" passed="1">
  <reporter-output>
  </reporter-output>
  <suite name="Default suite" duration-ms="27340" started-at="2020-01-09T06:55:54Z" finished-at="2020-01-09T06:56:21Z">
    <groups>
    </groups>
    <test name="Default test" duration-ms="27340" started-at="2020-01-09T06:55:54Z" finished-at="2020-01-09T06:56:21Z">
      <class name="ListernerDemoSuite.VerifyGooglePageTest">
        <test-method status="PASS" signature="startapp()[pri:0, instance:ListernerDemoSuite.VerifyGooglePageTest@3e92efc3]" name="startapp" is-config="true" duration-ms="13468" started-at="2020-01-09T06:55:54Z" finished-at="2020-01-09T06:56:07Z">
          <reporter-output>
          </reporter-output>
        </test-method> <!-- startapp -->
        <test-method status="FAIL" signature="checktitle()[pri:0, instance:ListernerDemoSuite.VerifyGooglePageTest@3e92efc3]" name="checktitle" duration-ms="64" started-at="2020-01-09T06:56:07Z" finished-at="2020-01-09T06:56:07Z">
          <exception class="java.lang.AssertionError">
            <message>
              <![CDATA[expected [Google] but found [google]]]>
            </message>
            <full-stacktrace>
              <![CDATA[java.lang.AssertionError: expected [Google] but found [google]
at org.testng.Assert.fail(Assert.java:96)
at org.testng.Assert.failNotEquals(Assert.java:776)
at org.testng.Assert.assertEqualsImpl(Assert.java:137)
at org.testng.Assert.assertEquals(Assert.java:118)
at org.testng.Assert.assertEquals(Assert.java:453)
at org.testng.Assert.assertEquals(Assert.java:463)
at ListernerDemoSuite.VerifyGooglePageTest.checktitle(VerifyGooglePageTest.java:30)
at sun.reflect.NativeMethodAccessorImpl.invoke0(Native Method)
at sun.reflect.NativeMethodAccessorImpl.invoke(Unknown Source)
at sun.reflect.DelegatingMethodAccessorImpl.invoke(Unknown Source)
at java.lang.reflect.Method.invoke(Unknown Source)
at org.testng.internal.MethodInvocationHelper.invokeMethod(MethodInvocationHelper.java:124)
at org.testng.internal.Invoker.invokeMethod(Invoker.java:580)
at org.testng.internal.Invoker.invokeTestMethod(Invoker.java:716)
at org.testng.internal.Invoker.invokeTestMethods(Invoker.java:988)
at org.testng.internal.TestMethodWorker.invokeTestMethods(TestMethodWorker.java:125)
at org.testng.internal.TestMethodWorker.run(TestMethodWorker.java:109)
at org.testng.TestRunner.privateRun(TestRunner.java:648)
at org.testng.TestRunner.run(TestRunner.java:505)
at org.testng.SuiteRunner.runTest(SuiteRunner.java:455)
at org.testng.SuiteRunner.runSequentially(SuiteRunner.java:450)
at org.testng.SuiteRunner.privateRun(SuiteRunner.java:415)
at org.testng.SuiteRunner.run(SuiteRunner.java:364)
at org.testng.SuiteRunnerWorker.runSuite(SuiteRunnerWorker.java:52)
at org.testng.SuiteRunnerWorker.run(SuiteRunnerWorker.java:84)
at org.testng.TestNG.runSuitesSequentially(TestNG.java:1208)
at org.testng.TestNG.runSuitesLocally(TestNG.java:1137)
at org.testng.TestNG.runSuites(TestNG.java:1049)
at org.testng.TestNG.run(TestNG.java:1017)
at org.testng.remote.AbstractRemoteTestNG.run(AbstractRemoteTestNG.java:114)
at org.testng.remote.RemoteTestNG.initAndRun(RemoteTestNG.java:251)
at org.testng.remote.RemoteTestNG.main(RemoteTestNG.java:77)
]]>
            </full-stacktrace>
          </exception> <!-- java.lang.AssertionError -->
          <reporter-output>
          </reporter-output>
        </test-method> <!-- checktitle -->
        <test-method status="PASS" signature="browserclose()[pri:0, instance:ListernerDemoSuite.VerifyGooglePageTest@3e92efc3]" name="browserclose" is-config="true" duration-ms="750" started-at="2020-01-09T06:56:07Z" finished-at="2020-01-09T06:56:08Z">
          <reporter-output>
          </reporter-output>
        </test-method> <!-- browserclose -->
        <test-method status="PASS" signature="startapp()[pri:0, instance:ListernerDemoSuite.VerifyGooglePageTest@3e92efc3]" name="startapp" is-config="true" duration-ms="12148" started-at="2020-01-09T06:56:08Z" finished-at="2020-01-09T06:56:20Z">
          <reporter-output>
          </reporter-output>
        </test-method> <!-- startapp -->
        <test-method status="PASS" signature="checklogo()[pri:1, instance:ListernerDemoSuite.VerifyGooglePageTest@3e92efc3]" name="checklogo" duration-ms="112" started-at="2020-01-09T06:56:20Z" finished-at="2020-01-09T06:56:20Z">
          <reporter-output>
          </reporter-output>
        </test-method> <!-- checklogo -->
        <test-method status="PASS" signature="browserclose()[pri:0, instance:ListernerDemoSuite.VerifyGooglePageTest@3e92efc3]" name="browserclose" is-config="true" duration-ms="755" started-at="2020-01-09T06:56:20Z" finished-at="2020-01-09T06:56:21Z">
          <reporter-output>
          </reporter-output>
        </test-method> <!-- browserclose -->
      </class> <!-- ListernerDemoSuite.VerifyGooglePageTest -->
    </test> <!-- Default test -->
  </suite> <!-- Default suite -->
</testng-results>
