<?xml version="1.0" encoding="UTF-8"?>
<!-- Generated by org.testng.reporters.JUnitXMLReporter -->
<testsuite hostname="IBM-Testing01" ignored="0" name="Test" tests="1" failures="0" timestamp="08 Jan 2020 09:59:49 GMT" time="0.058" errors="0">
  <testcase name="@BeforeTest setup" time="0.0" classname="Parallel.Parallel2">
    <failure type="org.testng.TestNGException" message="
Parameter &amp;apos;browser&amp;apos; is required by BeforeTest on method setup but has not been marked @Optional or defined
in C:\Users\IBM\Desktop\New folder\testNG\Parallel2Testng.xml">
      <![CDATA[org.testng.TestNGException: 
Parameter 'browser' is required by BeforeTest on method setup but has not been marked @Optional or defined
in C:\Users\IBM\Desktop\New folder\testNG\Parallel2Testng.xml
... Removed 21 stack frames]]>
    </failure>
  </testcase> <!-- @BeforeTest setup -->
  <testcase name="@AfterTest endtest" time="0.0" classname="Parallel.Parallel2">
    <skipped/>
  </testcase> <!-- @AfterTest endtest -->
  <testcase name="login" time="0.0" classname="Parallel.Parallel2">
    <skipped/>
  </testcase> <!-- login -->
</testsuite> <!-- Test -->
